/proj/cad/synopsys/synopsys-2013.lnx86_64/syn/auxx/gui/dv/dv_setup.tcl
/proj/cad/synopsys/synopsys-2013.lnx86_64/syn/auxx/gui/syn/snpsSynProcs.tcl
/proj/cad/synopsys/synopsys-2013.lnx86_64/syn/auxx/tcllib/lib/tcl8.4/package.tcl
/proj/cad/synopsys/synopsys-2013.lnx86_64/syn/auxx/gui/syn/layout/pkgIndex.tcl
/proj/cad/synopsys/synopsys-2013.lnx86_64/syn/auxx/gui/common/highlight/pkgIndex.tcl
/proj/cad/synopsys/synopsys-2013.lnx86_64/syn/auxx/gui/common/schematic/pkgIndex.tcl
/proj/cad/synopsys/synopsys-2013.lnx86_64/syn/auxx/gui/common/profiler/pkgIndex.tcl
/proj/cad/synopsys/synopsys-2013.lnx86_64/syn/auxx/gui/common/tcl-dp/pkgIndex.tcl
/proj/cad/synopsys/synopsys-2013.lnx86_64/syn/auxx/gui/common/view/pkgIndex.tcl
/proj/cad/synopsys/synopsys-2013.lnx86_64/syn/auxx/gui/common/table/pkgIndex.tcl
/proj/cad/synopsys/synopsys-2013.lnx86_64/syn/auxx/gui/common/opdlg/pkgIndex.tcl
/proj/cad/synopsys/synopsys-2013.lnx86_64/syn/auxx/gui/common/WindowFrameWork/pkgIndex.tcl
/proj/cad/synopsys/synopsys-2013.lnx86_64/syn/auxx/gui/common/hierarchy/pkgIndex.tcl
/proj/cad/synopsys/synopsys-2013.lnx86_64/syn/auxx/gui/common/histogram/pkgIndex.tcl
/proj/cad/synopsys/synopsys-2013.lnx86_64/syn/auxx/gui/common/menus/pkgIndex.tcl
/proj/cad/synopsys/synopsys-2013.lnx86_64/syn/auxx/gui/common/select/pkgIndex.tcl
/proj/cad/synopsys/synopsys-2013.lnx86_64/syn/auxx/gui/common/misc/pkgIndex.tcl
/proj/cad/synopsys/synopsys-2013.lnx86_64/syn/auxx/gui/common/strokes/pkgIndex.tcl
/proj/cad/synopsys/synopsys-2013.lnx86_64/syn/auxx/gui/common/setup/pkgIndex.tcl
/proj/cad/synopsys/synopsys-2013.lnx86_64/syn/auxx/gui/common/docBrowser/pkgIndex.tcl
/proj/cad/synopsys/synopsys-2013.lnx86_64/syn/auxx/gui/common/timing/pkgIndex.tcl
/proj/cad/synopsys/synopsys-2013.lnx86_64/syn/auxx/gui/common/pathinspector/pkgIndex.tcl
/proj/cad/synopsys/synopsys-2013.lnx86_64/syn/auxx/gui/common/fanoutviewer/pkgIndex.tcl
/proj/cad/synopsys/synopsys-2013.lnx86_64/syn/auxx/gui/common/qtcl/pkgIndex.tcl
/proj/cad/synopsys/synopsys-2013.lnx86_64/syn/auxx/gui/common/libviewer/pkgIndex.tcl
/proj/cad/synopsys/synopsys-2013.lnx86_64/syn/auxx/gui/common/layout/pkgIndex.tcl
/proj/cad/synopsys/synopsys-2013.lnx86_64/syn/auxx/gui/common/dialogs/pkgIndex.tcl
/proj/cad/synopsys/synopsys-2013.lnx86_64/syn/auxx/gui/common/regressionToolkit/pkgIndex.tcl
/proj/cad/synopsys/synopsys-2013.lnx86_64/syn/auxx/gui/common/acg/pkgIndex.tcl
/proj/cad/synopsys/synopsys-2013.lnx86_64/syn/auxx/gui/dv/pkgIndex.tcl
/proj/cad/synopsys/synopsys-2013.lnx86_64/syn/auxx/tcllib/snps_tcl/snpsUtils/pkgIndex.tcl
/proj/cad/synopsys/synopsys-2013.lnx86_64/syn/auxx/tcllib/snps_tcl/snpsTclPro/pkgIndex.tcl
/proj/cad/synopsys/synopsys-2013.lnx86_64/syn/auxx/tcllib/snps_tcl/snpsTest/pkgIndex.tcl
/proj/cad/synopsys/synopsys-2013.lnx86_64/syn/auxx/tcllib/snps_tcl/pkgIndex.tcl
/proj/cad/synopsys/synopsys-2013.lnx86_64/syn/auxx/tcllib/lib/tcl8.4/msgcat/pkgIndex.tcl
/proj/cad/synopsys/synopsys-2013.lnx86_64/syn/auxx/tcllib/lib/tcl8.4/reg/pkgIndex.tcl
/proj/cad/synopsys/synopsys-2013.lnx86_64/syn/auxx/tcllib/lib/tcl8.4/http/pkgIndex.tcl
/proj/cad/synopsys/synopsys-2013.lnx86_64/syn/auxx/tcllib/lib/tcl8.4/http1.0/pkgIndex.tcl
/proj/cad/synopsys/synopsys-2013.lnx86_64/syn/auxx/tcllib/lib/tcl8.4/opt/pkgIndex.tcl
/proj/cad/synopsys/synopsys-2013.lnx86_64/syn/auxx/tcllib/lib/tcl8.4/dde/pkgIndex.tcl
/proj/cad/synopsys/synopsys-2013.lnx86_64/syn/auxx/tcllib/lib/tcl8.4/tcltest/pkgIndex.tcl
/proj/cad/synopsys/synopsys-2013.lnx86_64/syn/auxx/gui/common/setup/snpsCommonSetup.tcl
/proj/cad/synopsys/synopsys-2013.lnx86_64/syn/auxx/gui/common/setup/snpsCustomize.tcl
/proj/cad/synopsys/synopsys-2013.lnx86_64/syn/auxx/gui/common/setup/snpsProcheck.tcl
/proj/cad/synopsys/synopsys-2013.lnx86_64/syn/auxx/gui/common/qtcl/.synopsys_qtcl.tcl
/proj/cad/synopsys/synopsys-2013.lnx86_64/syn/auxx/gui/common/highlight/highlight.tcl
/proj/cad/synopsys/synopsys-2013.lnx86_64/syn/auxx/gui/common/misc/base.tcl
/proj/cad/synopsys/synopsys-2013.lnx86_64/syn/auxx/gui/common/misc/timing.tcl
/proj/cad/synopsys/synopsys-2013.lnx86_64/syn/auxx/gui/common/misc/setting.tcl
/proj/cad/synopsys/synopsys-2013.lnx86_64/syn/auxx/gui/common/misc/preset.tcl
/proj/cad/synopsys/synopsys-2013.lnx86_64/syn/auxx/gui/common/WindowFrameWork/windowFrameWork.tcl
/proj/cad/synopsys/synopsys-2013.lnx86_64/syn/auxx/gui/common/WindowFrameWork/skipBusyCursorCmdList.tcl
/proj/cad/synopsys/synopsys-2013.lnx86_64/syn/auxx/gui/common/docBrowser/docBrowser.tcl
/proj/cad/synopsys/synopsys-2013.lnx86_64/syn/auxx/tcllib/snps_tcl/snpsUtils/snpsUtils.tcl
/proj/cad/synopsys/synopsys-2013.lnx86_64/syn/auxx/gui/common/dialogs/ObjectChooser.tcl
/proj/cad/synopsys/synopsys-2013.lnx86_64/syn/auxx/gui/common/misc/DialogObjectChooser.tcl
/proj/cad/synopsys/synopsys-2013.lnx86_64/syn/auxx/gui/common/dialogs/HistBinInformation.tcl
/proj/cad/synopsys/synopsys-2013.lnx86_64/syn/auxx/gui/common/dialogs/HistBin1Information.tcl
/proj/cad/synopsys/synopsys-2013.lnx86_64/syn/auxx/gui/common/dialogs/BinsOnlyInformation.tcl
/proj/cad/synopsys/synopsys-2013.lnx86_64/syn/auxx/gui/common/dialogs/FileChooser.tcl
/proj/cad/synopsys/synopsys-2013.lnx86_64/syn/auxx/gui/common/dialogs/PathPinSimpleInfo.tcl
/proj/cad/synopsys/synopsys-2013.lnx86_64/syn/auxx/gui/common/dialogs/PathsBasicInfo.tcl
/proj/cad/synopsys/synopsys-2013.lnx86_64/syn/auxx/gui/common/dialogs/PathsBasicSimpleInfo.tcl
/proj/cad/synopsys/synopsys-2013.lnx86_64/syn/auxx/gui/common/dialogs/SlctOperationInfo.tcl
/proj/cad/synopsys/synopsys-2013.lnx86_64/syn/auxx/gui/common/dialogs/ObjectListInfo.tcl
/proj/cad/synopsys/synopsys-2013.lnx86_64/syn/auxx/gui/common/dialogs/FanInOutInfo.tcl
/proj/cad/synopsys/synopsys-2013.lnx86_64/syn/auxx/gui/common/dialogs/NumberOfLevelsChooser.tcl
/proj/cad/synopsys/synopsys-2013.lnx86_64/syn/auxx/gui/common/dialogs/WindowReuseInfo.tcl
/proj/cad/synopsys/synopsys-2013.lnx86_64/syn/auxx/gui/common/dialogs/ReportOutputOptionInfo.tcl
/proj/cad/synopsys/synopsys-2013.lnx86_64/syn/auxx/gui/common/setup/snpsCollections.tcl
/proj/cad/synopsys/synopsys-2013.lnx86_64/syn/auxx/gui/common/dialogs/CompileLinkDesign.tcl
/proj/cad/synopsys/synopsys-2013.lnx86_64/syn/auxx/gui/common/histogram/DialogEndpointSlack.tcl
/proj/cad/synopsys/synopsys-2013.lnx86_64/syn/auxx/gui/common/histogram/DialogPathsSlack.tcl
/proj/cad/synopsys/synopsys-2013.lnx86_64/syn/auxx/gui/common/histogram/DialogNetCapacitance.tcl
/proj/cad/synopsys/synopsys-2013.lnx86_64/syn/auxx/gui/common/schematic/DialogPathSchematicFanInOut.tcl
/proj/cad/synopsys/synopsys-2013.lnx86_64/syn/auxx/gui/common/schematic/DialogPathSchematicAddPaths.tcl
/proj/cad/synopsys/synopsys-2013.lnx86_64/syn/auxx/tcllib/lib/tk8.4/tk.tcl
/proj/cad/synopsys/synopsys-2013.lnx86_64/syn/auxx/tcllib/lib/tcl8.4/msgcat/msgcat.tcl
/proj/cad/synopsys/synopsys-2013.lnx86_64/syn/auxx/tcllib/lib/tk8.4/button.tcl
/proj/cad/synopsys/synopsys-2013.lnx86_64/syn/auxx/tcllib/lib/tk8.4/entry.tcl
/proj/cad/synopsys/synopsys-2013.lnx86_64/syn/auxx/tcllib/lib/tk8.4/listbox.tcl
/proj/cad/synopsys/synopsys-2013.lnx86_64/syn/auxx/tcllib/lib/tk8.4/menu.tcl
/proj/cad/synopsys/synopsys-2013.lnx86_64/syn/auxx/tcllib/lib/tk8.4/panedwindow.tcl
/proj/cad/synopsys/synopsys-2013.lnx86_64/syn/auxx/tcllib/lib/tk8.4/scale.tcl
/proj/cad/synopsys/synopsys-2013.lnx86_64/syn/auxx/tcllib/lib/tk8.4/scrlbar.tcl
/proj/cad/synopsys/synopsys-2013.lnx86_64/syn/auxx/tcllib/lib/tk8.4/spinbox.tcl
/proj/cad/synopsys/synopsys-2013.lnx86_64/syn/auxx/tcllib/lib/tk8.4/text.tcl
/proj/cad/synopsys/synopsys-2013.lnx86_64/syn/auxx/tcllib/lib/tix8.1.4/Init.tcl
/proj/cad/synopsys/synopsys-2013.lnx86_64/syn/auxx/tcllib/lib/tix8.1.4/Version.tcl
/proj/cad/synopsys/synopsys-2013.lnx86_64/syn/auxx/tcllib/lib/tix8.1.4/UnixFile.tcl
/proj/cad/synopsys/synopsys-2013.lnx86_64/syn/auxx/tcllib/lib/tix8.1.4/Tix.tcl
/proj/cad/synopsys/synopsys-2013.lnx86_64/syn/auxx/tcllib/lib/tix8.1.4/fs.tcl
/proj/cad/synopsys/synopsys-2013.lnx86_64/syn/auxx/tcllib/lib/tix8.1.4/pref/WmDefault.fsc
/proj/cad/synopsys/synopsys-2013.lnx86_64/syn/auxx/tcllib/lib/tix8.1.4/pref/pkgIndex.tcl
/proj/cad/synopsys/synopsys-2013.lnx86_64/syn/auxx/gui/syn/layout/pkgIndex.tcl
/proj/cad/synopsys/synopsys-2013.lnx86_64/syn/auxx/gui/common/highlight/pkgIndex.tcl
/proj/cad/synopsys/synopsys-2013.lnx86_64/syn/auxx/gui/common/schematic/pkgIndex.tcl
/proj/cad/synopsys/synopsys-2013.lnx86_64/syn/auxx/gui/common/profiler/pkgIndex.tcl
/proj/cad/synopsys/synopsys-2013.lnx86_64/syn/auxx/gui/common/tcl-dp/pkgIndex.tcl
/proj/cad/synopsys/synopsys-2013.lnx86_64/syn/auxx/gui/common/view/pkgIndex.tcl
/proj/cad/synopsys/synopsys-2013.lnx86_64/syn/auxx/gui/common/table/pkgIndex.tcl
/proj/cad/synopsys/synopsys-2013.lnx86_64/syn/auxx/gui/common/opdlg/pkgIndex.tcl
/proj/cad/synopsys/synopsys-2013.lnx86_64/syn/auxx/gui/common/WindowFrameWork/pkgIndex.tcl
/proj/cad/synopsys/synopsys-2013.lnx86_64/syn/auxx/gui/common/hierarchy/pkgIndex.tcl
/proj/cad/synopsys/synopsys-2013.lnx86_64/syn/auxx/gui/common/histogram/pkgIndex.tcl
/proj/cad/synopsys/synopsys-2013.lnx86_64/syn/auxx/gui/common/menus/pkgIndex.tcl
/proj/cad/synopsys/synopsys-2013.lnx86_64/syn/auxx/gui/common/select/pkgIndex.tcl
/proj/cad/synopsys/synopsys-2013.lnx86_64/syn/auxx/gui/common/misc/pkgIndex.tcl
/proj/cad/synopsys/synopsys-2013.lnx86_64/syn/auxx/gui/common/strokes/pkgIndex.tcl
/proj/cad/synopsys/synopsys-2013.lnx86_64/syn/auxx/gui/common/setup/pkgIndex.tcl
/proj/cad/synopsys/synopsys-2013.lnx86_64/syn/auxx/gui/common/docBrowser/pkgIndex.tcl
/proj/cad/synopsys/synopsys-2013.lnx86_64/syn/auxx/gui/common/timing/pkgIndex.tcl
/proj/cad/synopsys/synopsys-2013.lnx86_64/syn/auxx/gui/common/pathinspector/pkgIndex.tcl
/proj/cad/synopsys/synopsys-2013.lnx86_64/syn/auxx/gui/common/fanoutviewer/pkgIndex.tcl
/proj/cad/synopsys/synopsys-2013.lnx86_64/syn/auxx/gui/common/qtcl/pkgIndex.tcl
/proj/cad/synopsys/synopsys-2013.lnx86_64/syn/auxx/gui/common/libviewer/pkgIndex.tcl
/proj/cad/synopsys/synopsys-2013.lnx86_64/syn/auxx/gui/common/layout/pkgIndex.tcl
/proj/cad/synopsys/synopsys-2013.lnx86_64/syn/auxx/gui/common/dialogs/pkgIndex.tcl
/proj/cad/synopsys/synopsys-2013.lnx86_64/syn/auxx/gui/common/regressionToolkit/pkgIndex.tcl
/proj/cad/synopsys/synopsys-2013.lnx86_64/syn/auxx/gui/common/acg/pkgIndex.tcl
/proj/cad/synopsys/synopsys-2013.lnx86_64/syn/auxx/gui/dv/pkgIndex.tcl
/proj/cad/synopsys/synopsys-2013.lnx86_64/syn/auxx/tcllib/snps_tcl/snpsUtils/pkgIndex.tcl
/proj/cad/synopsys/synopsys-2013.lnx86_64/syn/auxx/tcllib/snps_tcl/snpsTclPro/pkgIndex.tcl
/proj/cad/synopsys/synopsys-2013.lnx86_64/syn/auxx/tcllib/snps_tcl/snpsTest/pkgIndex.tcl
/proj/cad/synopsys/synopsys-2013.lnx86_64/syn/auxx/tcllib/snps_tcl/pkgIndex.tcl
/proj/cad/synopsys/synopsys-2013.lnx86_64/syn/auxx/tcllib/lib/tcl8.4/msgcat/pkgIndex.tcl
/proj/cad/synopsys/synopsys-2013.lnx86_64/syn/auxx/tcllib/lib/tcl8.4/reg/pkgIndex.tcl
/proj/cad/synopsys/synopsys-2013.lnx86_64/syn/auxx/tcllib/lib/tcl8.4/http/pkgIndex.tcl
/proj/cad/synopsys/synopsys-2013.lnx86_64/syn/auxx/tcllib/lib/tcl8.4/http1.0/pkgIndex.tcl
/proj/cad/synopsys/synopsys-2013.lnx86_64/syn/auxx/tcllib/lib/tcl8.4/opt/pkgIndex.tcl
/proj/cad/synopsys/synopsys-2013.lnx86_64/syn/auxx/tcllib/lib/tcl8.4/dde/pkgIndex.tcl
/proj/cad/synopsys/synopsys-2013.lnx86_64/syn/auxx/tcllib/lib/tcl8.4/tcltest/pkgIndex.tcl
/proj/cad/synopsys/synopsys-2013.lnx86_64/syn/auxx/tcllib/lib/tix8.1.4/pref/WmDefault.tcl
/proj/cad/synopsys/synopsys-2013.lnx86_64/syn/auxx/tcllib/lib/tix8.1.4/pref/WmDefault.csc
/proj/cad/synopsys/synopsys-2013.lnx86_64/syn/auxx/tcllib/lib/tix8.1.4/HList.tcl
/proj/cad/synopsys/synopsys-2013.lnx86_64/syn/auxx/tcllib/lib/tk8.4/unsupported.tcl
/proj/cad/synopsys/synopsys-2013.lnx86_64/syn/auxx/tcllib/lib/tix8.1.4/Event.tcl
/proj/cad/synopsys/synopsys-2013.lnx86_64/syn/auxx/tcllib/lib/tix8.1.4/TList.tcl
/proj/cad/synopsys/synopsys-2013.lnx86_64/syn/auxx/tcllib/lib/tix8.1.4/Grid.tcl
/proj/cad/synopsys/synopsys-2013.lnx86_64/syn/auxx/tcllib/lib/tix8.1.4/ComboBox.tcl
/proj/cad/synopsys/synopsys-2013.lnx86_64/syn/auxx/tcllib/lib/tix8.1.4/LabWidg.tcl
/proj/cad/synopsys/synopsys-2013.lnx86_64/syn/auxx/tcllib/lib/tix8.1.4/Primitiv.tcl
/proj/cad/synopsys/synopsys-2013.lnx86_64/syn/auxx/tcllib/lib/tix8.1.4/Control.tcl
/proj/cad/synopsys/synopsys-2013.lnx86_64/syn/auxx/tcllib/lib/tix8.1.4/FloatEnt.tcl
/proj/cad/synopsys/synopsys-2013.lnx86_64/syn/auxx/tcllib/lib/tix8.1.4/LabEntry.tcl
/proj/cad/synopsys/synopsys-2013.lnx86_64/syn/auxx/tcllib/lib/tix8.1.4/SGrid.tcl
/proj/cad/synopsys/synopsys-2013.lnx86_64/syn/auxx/tcllib/lib/tix8.1.4/SWidget.tcl
/proj/cad/synopsys/synopsys-2013.lnx86_64/syn/auxx/tcllib/lib/tix8.1.4/SListBox.tcl
/proj/cad/synopsys/synopsys-2013.lnx86_64/syn/auxx/gui/common/histogram/base.tcl
/proj/cad/synopsys/synopsys-2013.lnx86_64/syn/auxx/gui/common/profiler/base.tcl
/proj/cad/synopsys/synopsys-2013.lnx86_64/syn/auxx/gui/common/schematic/base.tcl
/proj/cad/synopsys/synopsys-2013.lnx86_64/syn/auxx/gui/common/select/baseInternal.tcl
/proj/cad/synopsys/synopsys-2013.lnx86_64/syn/auxx/gui/common/schematic/enable.tcl
/proj/cad/synopsys/synopsys-2013.lnx86_64/syn/auxx/gui/common/schematic/netlist.tcl
/proj/cad/synopsys/synopsys-2013.lnx86_64/syn/auxx/gui/common/schematic/method.tcl
/proj/cad/synopsys/synopsys-2013.lnx86_64/syn/auxx/gui/common/misc/createViewType.tcl
/proj/cad/synopsys/synopsys-2013.lnx86_64/syn/auxx/gui/common/menus/base.tcl
/proj/cad/synopsys/synopsys-2013.lnx86_64/syn/auxx/gui/common/libviewer/base.tcl
/proj/cad/synopsys/synopsys-2013.lnx86_64/syn/auxx/gui/common/misc/viewmgr.tcl
/proj/cad/synopsys/synopsys-2013.lnx86_64/syn/auxx/gui/common/pathinspector/base.tcl
/proj/cad/synopsys/synopsys-2013.lnx86_64/syn/auxx/gui/common/pathinspector/create_window_and_menu.tcl
/proj/cad/synopsys/synopsys-2013.lnx86_64/syn/auxx/gui/dv/dv_path_cat_view.tcl
/proj/cad/synopsys/synopsys-2013.lnx86_64/syn/auxx/gui/common/table/table.tcl
/proj/cad/synopsys/synopsys-2013.lnx86_64/syn/auxx/gui/common/table/table_internal.tcl
/proj/cad/synopsys/synopsys-2013.lnx86_64/syn/auxx/gui/common/misc/infotip.tcl
/proj/cad/synopsys/synopsys-2013.lnx86_64/syn/auxx/gui/common/misc/viewporthistory.tcl
/home/eng/h/hxh141130/awgn_ip_core/tausworthe.v
/home/eng/h/hxh141130/awgn_ip_core/taus_wrapper.v
/home/eng/h/hxh141130/awgn_ip_core/taus_tb.v
/home/eng/h/hxh141130/awgn_ip_core/sqrt_block.v
/home/eng/h/hxh141130/awgn_ip_core/sqrt.v
/home/eng/h/hxh141130/awgn_ip_core/sincos_block.v
/home/eng/h/hxh141130/awgn_ip_core/shifters.v
/home/eng/h/hxh141130/awgn_ip_core/shift_blocks.v
/home/eng/h/hxh141130/awgn_ip_core/mem_64x19.v
/home/eng/h/hxh141130/awgn_ip_core/mem_256x35.v
/home/eng/h/hxh141130/awgn_ip_core/mem_128x19.v
/home/eng/h/hxh141130/awgn_ip_core/lzd48.v
/home/eng/h/hxh141130/awgn_ip_core/lzd2.v
/home/eng/h/hxh141130/awgn_ip_core/lshift_48.v
/home/eng/h/hxh141130/awgn_ip_core/log_block.v
/home/eng/h/hxh141130/awgn_ip_core/awgn_top.v
/home/eng/h/hxh141130/awgn_ip_core/tausworthe.v
/home/eng/h/hxh141130/awgn_ip_core/taus_wrapper.v
/home/eng/h/hxh141130/awgn_ip_core/taus_tb.v
/home/eng/h/hxh141130/awgn_ip_core/sqrt.v
/home/eng/h/hxh141130/awgn_ip_core/sincos_block.v
/home/eng/h/hxh141130/awgn_ip_core/shifters.v
/home/eng/h/hxh141130/awgn_ip_core/shift_blocks.v
/home/eng/h/hxh141130/awgn_ip_core/mem_64x19.v
/home/eng/h/hxh141130/awgn_ip_core/mem_256x35.v
/home/eng/h/hxh141130/awgn_ip_core/mem_128x19.v
/home/eng/h/hxh141130/awgn_ip_core/lzd48.v
/home/eng/h/hxh141130/awgn_ip_core/lshift_48.v
/home/eng/h/hxh141130/awgn_ip_core/log_block.v
/home/eng/h/hxh141130/awgn_ip_core/awgn_top.v
/proj/cad/synopsys/synopsys-2013.lnx86_64/syn/libraries/syn/class.db
/proj/cad/synopsys/synopsys-2013.lnx86_64/syn/libraries/syn/gtech.db
/proj/cad/synopsys/synopsys-2013.lnx86_64/syn/libraries/syn/standard.sldb
/home/eng/h/hxh141130/synopsys_cache_H-2013.03-SP4/DW01/DW01_MUX/str/class_4598_8167_5818/element.ddc
/home/eng/h/hxh141130/synopsys_cache_H-2013.03-SP4/DW01/DW01_mmux/str/2/class_4598_8167_5818/element.ddc
/home/eng/h/hxh141130/synopsys_cache_H-2013.03-SP4/DW01/DW01_mmux/str/3/class_4598_8167_5818/element.ddc
/home/eng/h/hxh141130/synopsys_cache_H-2013.03-SP4/DW01/DW01_mmux/str/4/class_4598_8167_5818/element.ddc
/home/eng/h/hxh141130/synopsys_cache_H-2013.03-SP4/DW01/DW01_mmux/str/5/class_4598_8167_5818/element.ddc
/home/eng/h/hxh141130/synopsys_cache_H-2013.03-SP4/DW01/DW01_NAND2/str/class_4598_8167_5818/element.ddc
/home/eng/h/hxh141130/synopsys_cache_H-2013.03-SP4/DW01/DW01_NOT/str/class_4598_8167_5818/element.ddc
/proj/cad/synopsys/synopsys-2013.lnx86_64/syn/libraries/syn/class.db
